app/build/intermediates/manifest_merge_blame_file/debug/manifest-merger-blame-debug-report.txt
1<?xml version="1.0" encoding="utf-8"?>
2<manifest xmlns:android="http://schemas.android.com/apk/res/android"
3    package="com.myfitnessbuddy"
4    android:versionCode="1"
5    android:versionName="1.0" >
6
7    <uses-sdk
8        android:minSdkVersion="23"
8-->src\main\AndroidManifest.xml
9        android:targetSdkVersion="30" />
9-->src\main\AndroidManifest.xml
10
11    <application
11-->src\main\AndroidManifest.xml:5:5-25:19
12        android:allowBackup="true"
12-->src\main\AndroidManifest.xml:6:9-35
13        android:appComponentFactory="androidx.core.app.CoreComponentFactory"
13-->[androidx.core:core:1.3.1] AndroidManifest.xml:24:18-86
14        android:debuggable="true"
15        android:extractNativeLibs="false"
16        android:icon="@mipmap/ic_launcher"
16-->src\main\AndroidManifest.xml:7:9-43
17        android:label="@string/app_name"
17-->src\main\AndroidManifest.xml:8:9-41
18        android:roundIcon="@mipmap/ic_launcher_round"
18-->src\main\AndroidManifest.xml:9:9-54
19        android:supportsRtl="true"
19-->src\main\AndroidManifest.xml:10:9-35
20        android:testOnly="true"
21        android:theme="@style/Theme.MyFitnessBuddy" >
21-->src\main\AndroidManifest.xml:11:9-52
22        <activity
22-->src\main\AndroidManifest.xml:12:9-20:20
23            android:name="PME.myfitnessbuddy.view.MainActivity"
23-->src\main\AndroidManifest.xml:13:13-64
24            android:theme="@style/Theme.MyFitnessBuddy.NoActionBar" >
24-->src\main\AndroidManifest.xml:14:13-68
25            <intent-filter>
25-->src\main\AndroidManifest.xml:15:13-19:29
26                <action android:name="android.intent.action.MAIN" />
26-->src\main\AndroidManifest.xml:16:17-69
26-->src\main\AndroidManifest.xml:16:25-66
27
28                <category android:name="android.intent.category.LAUNCHER" />
28-->src\main\AndroidManifest.xml:18:17-77
28-->src\main\AndroidManifest.xml:18:27-74
29            </intent-filter>
30        </activity>
31
32        <meta-data
32-->src\main\AndroidManifest.xml:22:9-24:57
33            android:name="preloaded_fonts"
33-->src\main\AndroidManifest.xml:23:13-43
34            android:resource="@array/preloaded_fonts" />
34-->src\main\AndroidManifest.xml:24:13-54
35
36        <service
36-->[androidx.room:room-runtime:2.2.5] AndroidManifest.xml:25:9-28:40
37            android:name="androidx.room.MultiInstanceInvalidationService"
37-->[androidx.room:room-runtime:2.2.5] AndroidManifest.xml:26:13-74
38            android:directBootAware="true"
38-->[androidx.room:room-runtime:2.2.5] AndroidManifest.xml:27:13-43
39            android:exported="false" />
39-->[androidx.room:room-runtime:2.2.5] AndroidManifest.xml:28:13-37
40
41        <provider
41-->[com.squareup.picasso:picasso:2.71828] AndroidManifest.xml:8:9-11:40
42            android:name="com.squareup.picasso.PicassoProvider"
42-->[com.squareup.picasso:picasso:2.71828] AndroidManifest.xml:9:13-64
43            android:authorities="com.myfitnessbuddy.com.squareup.picasso"
43-->[com.squareup.picasso:picasso:2.71828] AndroidManifest.xml:10:13-72
44            android:exported="false" />
44-->[com.squareup.picasso:picasso:2.71828] AndroidManifest.xml:11:13-37
45    </application>
46
47</manifest>